0 info it worked if it ends with ok
1 verbose cli [ '/usr/local/bin/node', '/usr/local/bin/npm', 'start' ]
2 info using npm@3.3.6
3 info using node@v5.0.0
4 verbose run-script [ 'prestart', 'start', 'poststart' ]
5 info lifecycle airline@0.0.0~prestart: airline@0.0.0
6 silly lifecycle airline@0.0.0~prestart: no script for prestart, continuing
7 info lifecycle airline@0.0.0~start: airline@0.0.0
8 verbose lifecycle airline@0.0.0~start: unsafe-perm in lifecycle true
9 verbose lifecycle airline@0.0.0~start: PATH: /usr/local/lib/node_modules/npm/bin/node-gyp-bin:/Users/edgar971/Documents/Labs/learning-nodejs/examples/airline/node_modules/.bin:/Users/edgar971/.dnx/runtimes/dnx-mono.1.0.0-rc1-final/bin:/Users/edgar971/.dnx/bin:/Users/edgar971/.rvm/gems/ruby-2.0.0-p643/bin:/Users/edgar971/.rvm/gems/ruby-2.0.0-p643@global/bin:/Users/edgar971/.rvm/rubies/ruby-2.0.0-p643/bin:/Applications/MAMP/bin/php/php5.3.6/bin:/usr/local/bin:/Library/Java/JavaVirtualMachines/jdk1.8.0_45.jdk/Contents/Home/bin:/usr/local/bin:/usr/bin:/bin:/usr/sbin:/sbin:~/.composer/vendor/bin:/opt/X11/bin:/opt/ImageMagick/bin:/Applications/Android Studio.app/sdk/platform-tools:/Applications/Android Studio.app/sdk/tools:/Users/edgar971/.rvm/bin
10 verbose lifecycle airline@0.0.0~start: CWD: /Users/edgar971/Documents/Labs/learning-nodejs/examples/airline
11 silly lifecycle airline@0.0.0~start: Args: [ '-c', 'node ./bin/www' ]
12 silly lifecycle airline@0.0.0~start: Returned: code: 1  signal: null
13 info lifecycle airline@0.0.0~start: Failed to exec start script
14 verbose stack Error: airline@0.0.0 start: `node ./bin/www`
14 verbose stack Exit status 1
14 verbose stack     at EventEmitter.<anonymous> (/usr/local/lib/node_modules/npm/lib/utils/lifecycle.js:233:16)
14 verbose stack     at emitTwo (events.js:87:13)
14 verbose stack     at EventEmitter.emit (events.js:172:7)
14 verbose stack     at ChildProcess.<anonymous> (/usr/local/lib/node_modules/npm/lib/utils/spawn.js:24:14)
14 verbose stack     at emitTwo (events.js:87:13)
14 verbose stack     at ChildProcess.emit (events.js:172:7)
14 verbose stack     at maybeClose (internal/child_process.js:818:16)
14 verbose stack     at Process.ChildProcess._handle.onexit (internal/child_process.js:211:5)
15 verbose pkgid airline@0.0.0
16 verbose cwd /Users/edgar971/Documents/Labs/learning-nodejs/examples/airline
17 error Darwin 15.2.0
18 error argv "/usr/local/bin/node" "/usr/local/bin/npm" "start"
19 error node v5.0.0
20 error npm  v3.3.6
21 error code ELIFECYCLE
22 error airline@0.0.0 start: `node ./bin/www`
22 error Exit status 1
23 error Failed at the airline@0.0.0 start script 'node ./bin/www'.
23 error This is most likely a problem with the airline package,
23 error not with npm itself.
23 error Tell the author that this fails on your system:
23 error     node ./bin/www
23 error You can get their info via:
23 error     npm owner ls airline
23 error There is likely additional logging output above.
24 verbose exit [ 1, true ]
